Build started 2011/8/31 7:47:39.
     1>Project "C:\Users\Tobe\Documents\Visual Studio 2010\Projects\freeDone\MapEditer\MapEditor\MapEditor.vcxproj" on node 2 (build target(s)).
     1>InitializeBuildStatus:
         Touching "Debug\MapEditor.unsuccessfulbuild".
       ClCompile:
         All outputs are up-to-date.
         D:\Microsoft Visual Studio 10.0\VC\bin\CL.exe /c /ZI /nologo /W3 /WX- /Od /Oy- /D WIN32 /D _DEBUG /D _WINDOWS /D _UNICODE /D UNICODE /Gm /EHsc /RTC1 /MDd /GS /fp:precise /Zc:wchar_t /Zc:forScope /Fo"Debug\\" /Fd"Debug\vc100.pdb" /Gd /TP /analyze- /errorReport:prompt Algorithm.cpp CMap.cpp WinMain.cpp
         WinMain.cpp
     1>c:\users\tobe\documents\visual studio 2010\projects\freedone\mapediter\mapeditor\winmain.cpp(109): warning C4244: 'argument' : conversion from 'time_t' to 'unsigned int', possible loss of data
         CMap.cpp
         Algorithm.cpp
         Generating Code...
     1>c:\users\tobe\documents\visual studio 2010\projects\freedone\mapediter\mapeditor\winmain.cpp(441): warning C4715: 'WindowProc' : not all control paths return a value
       ResourceCompile:
         All outputs are up-to-date.
       ManifestResourceCompile:
         All outputs are up-to-date.
       Link:
         D:\Microsoft Visual Studio 10.0\VC\bin\link.exe /ERRORREPORT:PROMPT /OUT:"C:\Users\Tobe\Documents\Visual Studio 2010\Projects\freeDone\MapEditer\Debug\MapEditor.exe" /INCREMENTAL /NOLOGO kernel32.lib user32.lib gdi32.lib winspool.lib comdlg32.lib advapi32.lib shell32.lib ole32.lib oleaut32.lib uuid.lib odbc32.lib odbccp32.lib /MANIFEST /ManifestFile:"Debug\MapEditor.exe.intermediate.manifest" /MANIFESTUAC:"level='asInvoker' uiAccess='false'" /DEBUG /PDB:"C:\Users\Tobe\Documents\Visual Studio 2010\Projects\freeDone\MapEditer\Debug\MapEditor.pdb" /SUBSYSTEM:WINDOWS /TLBID:1 /DYNAMICBASE /NXCOMPAT /IMPLIB:"C:\Users\Tobe\Documents\Visual Studio 2010\Projects\freeDone\MapEditer\Debug\MapEditor.lib" /MACHINE:X86 Debug\MapEditor.res
         Debug\MapEditor.exe.embed.manifest.res
         Debug\Algorithm.obj
         Debug\CMap.obj
         Debug\WinMain.obj
       Manifest:
         C:\Program Files (x86)\Microsoft SDKs\Windows\v7.0A\bin\mt.exe /nologo /verbose /out:"Debug\MapEditor.exe.embed.manifest" /manifest Debug\MapEditor.exe.intermediate.manifest
         All outputs are up-to-date.
       LinkEmbedManifest:
         All outputs are up-to-date.
         MapEditor.vcxproj -> C:\Users\Tobe\Documents\Visual Studio 2010\Projects\freeDone\MapEditer\Debug\MapEditor.exe
       FinalizeBuildStatus:
         Deleting file "Debug\MapEditor.unsuccessfulbuild".
         Touching "Debug\MapEditor.lastbuildstate".
     1>Done Building Project "C:\Users\Tobe\Documents\Visual Studio 2010\Projects\freeDone\MapEditer\MapEditor\MapEditor.vcxproj" (build target(s)).

Build succeeded.

Time Elapsed 00:00:03.07
