Build started 2011/8/31 0:42:53.
     1>Project "C:\Users\Tobe\Documents\Visual Studio 2010\Projects\freeDone\BlindZoo\BlindZoo\BlindZoo.vcxproj" on node 2 (build target(s)).
     1>InitializeBuildStatus:
         Creating "Debug\BlindZoo.unsuccessfulbuild" because "AlwaysCreate" was specified.
       ClCompile:
         D:\Microsoft Visual Studio 10.0\VC\bin\CL.exe /c /ZI /nologo /W3 /WX- /Od /Oy- /D WIN32 /D _DEBUG /D _CONSOLE /D _UNICODE /D UNICODE /Gm /EHsc /RTC1 /MDd /GS /fp:precise /Zc:wchar_t /Zc:forScope /Fo"Debug\\" /Fd"Debug\vc100.pdb" /Gd /TP /analyze- /errorReport:prompt CVisitor.cpp
         CVisitor.cpp
     1>c:\users\tobe\documents\visual studio 2010\projects\freedone\blindzoo\blindzoo\cvisitor.cpp(336): warning C4715: 'CVisitor::CmdExplainer' : not all control paths return a value
       ManifestResourceCompile:
         All outputs are up-to-date.
       Link:
         D:\Microsoft Visual Studio 10.0\VC\bin\link.exe /ERRORREPORT:PROMPT /OUT:"C:\Users\Tobe\Documents\Visual Studio 2010\Projects\freeDone\BlindZoo\Debug\BlindZoo.exe" /INCREMENTAL /NOLOGO kernel32.lib user32.lib gdi32.lib winspool.lib comdlg32.lib advapi32.lib shell32.lib ole32.lib oleaut32.lib uuid.lib odbc32.lib odbccp32.lib /MANIFEST /ManifestFile:"Debug\BlindZoo.exe.intermediate.manifest" /MANIFESTUAC:"level='asInvoker' uiAccess='false'" /DEBUG /PDB:"C:\Users\Tobe\Documents\Visual Studio 2010\Projects\freeDone\BlindZoo\Debug\BlindZoo.pdb" /SUBSYSTEM:CONSOLE /TLBID:1 /DYNAMICBASE /NXCOMPAT /IMPLIB:"C:\Users\Tobe\Documents\Visual Studio 2010\Projects\freeDone\BlindZoo\Debug\BlindZoo.lib" /MACHINE:X86 Debug\BlindZoo.exe.embed.manifest.res
         Debug\CAnimal.obj
         Debug\CElephant.obj
         Debug\CGiraffe.obj
         Debug\CMouse.obj
         Debug\CTiger.obj
         Debug\CVisitor.obj
         Debug\CZoo.obj
         Debug\main.obj
       Manifest:
         C:\Program Files (x86)\Microsoft SDKs\Windows\v7.0A\bin\mt.exe /nologo /verbose /out:"Debug\BlindZoo.exe.embed.manifest" /manifest Debug\BlindZoo.exe.intermediate.manifest
         All outputs are up-to-date.
       LinkEmbedManifest:
         All outputs are up-to-date.
         BlindZoo.vcxproj -> C:\Users\Tobe\Documents\Visual Studio 2010\Projects\freeDone\BlindZoo\Debug\BlindZoo.exe
       FinalizeBuildStatus:
         Deleting file "Debug\BlindZoo.unsuccessfulbuild".
         Touching "Debug\BlindZoo.lastbuildstate".
     1>Done Building Project "C:\Users\Tobe\Documents\Visual Studio 2010\Projects\freeDone\BlindZoo\BlindZoo\BlindZoo.vcxproj" (build target(s)).

Build succeeded.

Time Elapsed 00:00:01.24
