Build started 2011/8/31 0:40:09.
     1>Project "C:\Users\Tobe\Documents\Visual Studio 2010\Projects\freeDone\BlindZoo\BlindZoo\BlindZoo.vcxproj" on node 2 (build target(s)).
     1>PrepareForBuild:
         Creating directory "C:\Users\Tobe\Documents\Visual Studio 2010\Projects\freeDone\BlindZoo\Release\".
       InitializeBuildStatus:
         Creating "Release\BlindZoo.unsuccessfulbuild" because "AlwaysCreate" was specified.
       ClCompile:
         D:\Microsoft Visual Studio 10.0\VC\bin\CL.exe /c /Zi /nologo /W3 /WX- /O2 /Oi /Oy- /GL /D WIN32 /D NDEBUG /D _CONSOLE /D _UNICODE /D UNICODE /Gm- /EHsc /MD /GS /Gy /fp:precise /Zc:wchar_t /Zc:forScope /Fo"Release\\" /Fd"Release\vc100.pdb" /Gd /TP /analyze- /errorReport:prompt CAnimal.cpp CElephant.cpp CGiraffe.cpp CMouse.cpp CTiger.cpp CVisitor.cpp CZoo.cpp main.cpp
         CAnimal.cpp
         CElephant.cpp
         CGiraffe.cpp
         CMouse.cpp
         CTiger.cpp
         CVisitor.cpp
         CZoo.cpp
     1>CZoo.cpp(47): warning C4244: 'argument' : conversion from 'time_t' to 'unsigned int', possible loss of data
         main.cpp
       Link:
         D:\Microsoft Visual Studio 10.0\VC\bin\link.exe /ERRORREPORT:PROMPT /OUT:"C:\Users\Tobe\Documents\Visual Studio 2010\Projects\freeDone\BlindZoo\Release\BlindZoo.exe" /INCREMENTAL:NO /NOLOGO kernel32.lib user32.lib gdi32.lib winspool.lib comdlg32.lib advapi32.lib shell32.lib ole32.lib oleaut32.lib uuid.lib odbc32.lib odbccp32.lib /MANIFEST /ManifestFile:"Release\BlindZoo.exe.intermediate.manifest" /MANIFESTUAC:"level='asInvoker' uiAccess='false'" /DEBUG /PDB:"C:\Users\Tobe\Documents\Visual Studio 2010\Projects\freeDone\BlindZoo\Release\BlindZoo.pdb" /SUBSYSTEM:CONSOLE /OPT:REF /OPT:ICF /LTCG /TLBID:1 /DYNAMICBASE /NXCOMPAT /IMPLIB:"C:\Users\Tobe\Documents\Visual Studio 2010\Projects\freeDone\BlindZoo\Release\BlindZoo.lib" /MACHINE:X86 Release\CAnimal.obj
         Release\CElephant.obj
         Release\CGiraffe.obj
         Release\CMouse.obj
         Release\CTiger.obj
         Release\CVisitor.obj
         Release\CZoo.obj
         Release\main.obj
         Generating code
     1>c:\users\tobe\documents\visual studio 2010\projects\freedone\blindzoo\blindzoo\cvisitor.cpp(336): warning C4715: 'CVisitor::CmdExplainer' : not all control paths return a value
         Finished generating code
         BlindZoo.vcxproj -> C:\Users\Tobe\Documents\Visual Studio 2010\Projects\freeDone\BlindZoo\Release\BlindZoo.exe
       Manifest:
         C:\Program Files (x86)\Microsoft SDKs\Windows\v7.0A\bin\mt.exe /nologo /verbose /outputresource:"C:\Users\Tobe\Documents\Visual Studio 2010\Projects\freeDone\BlindZoo\Release\BlindZoo.exe;#1" /manifest Release\BlindZoo.exe.intermediate.manifest
       FinalizeBuildStatus:
         Deleting file "Release\BlindZoo.unsuccessfulbuild".
         Touching "Release\BlindZoo.lastbuildstate".
     1>Done Building Project "C:\Users\Tobe\Documents\Visual Studio 2010\Projects\freeDone\BlindZoo\BlindZoo\BlindZoo.vcxproj" (build target(s)).

Build succeeded.

Time Elapsed 00:00:03.97
